Copyright 1986-2022 Xilinx, Inc. All Rights Reserved. Copyright 2022-2025 Advanced Micro Devices, Inc. All Rights Reserved.
----------------------------------------------------------------------------------------------------------------------------------------------------------
| Tool Version     : Vivado v.2025.1 (win64) Build 6140274 Thu May 22 00:12:29 MDT 2025
| Date             : Mon Oct  6 22:48:10 2025
| Host             : Legion running 64-bit major release  (build 9200)
| Command          : report_power -file CortexM0_SoC_power_routed.rpt -pb CortexM0_SoC_power_summary_routed.pb -rpx CortexM0_SoC_power_routed.rpx
| Design           : CortexM0_SoC
| Device           : xc7z020clg484-2
| Design State     : routed
| Grade            : commercial
| Process          : typical
| Characterization : Production
----------------------------------------------------------------------------------------------------------------------------------------------------------

Power Report

Table of Contents
-----------------
1. Summary
1.1 On-Chip Components
1.2 Power Supply Summary
1.3 Confidence Level
2. Settings
2.1 Environment
2.2 Clock Constraints
3. Detailed Reports
3.1 By Hierarchy

1. Summary
----------

+--------------------------+----------------------------------+
| Total On-Chip Power (W)  | 52.430 (Junction temp exceeded!) |
| Design Power Budget (W)  | Unspecified*                     |
| Power Budget Margin (W)  | NA                               |
| Dynamic (W)              | 51.334                           |
| Device Static (W)        | 1.096                            |
| Effective TJA (C/W)      | 11.5                             |
| Max Ambient (C)          | 0.0                              |
| Junction Temperature (C) | 125.0                            |
| Confidence Level         | Low                              |
| Setting File             | ---                              |
| Simulation Activity File | ---                              |
| Design Nets Matched      | NA                               |
+--------------------------+----------------------------------+
* Specify Design Power Budget using, set_operating_conditions -design_power_budget <value in Watts>


1.1 On-Chip Components
----------------------

+----------------+-----------+----------+-----------+-----------------+
| On-Chip        | Power (W) | Used     | Available | Utilization (%) |
+----------------+-----------+----------+-----------+-----------------+
| Slice Logic    |    20.656 |     9573 |       --- |             --- |
|   LUT as Logic |    19.832 |     5754 |     53200 |           10.82 |
|   CARRY4       |     0.586 |      144 |     13300 |            1.08 |
|   Register     |     0.224 |     2873 |    106400 |            2.70 |
|   BUFG         |     0.012 |        2 |        32 |            6.25 |
|   F7/F8 Muxes  |     0.003 |        7 |     53200 |            0.01 |
|   Others       |     0.000 |       55 |       --- |             --- |
| Signals        |    26.714 |     8513 |       --- |             --- |
| Block RAM      |     3.731 |       32 |       140 |           22.86 |
| DSPs           |    <0.001 |        3 |       220 |            1.36 |
| I/O            |     0.232 |       10 |       200 |            5.00 |
| Static Power   |     1.096 |          |           |                 |
| Total          |    52.430 |          |           |                 |
+----------------+-----------+----------+-----------+-----------------+


1.2 Power Supply Summary
------------------------

+-----------+-------------+-----------+-------------+------------+-------------+-------------+------------+
| Source    | Voltage (V) | Total (A) | Dynamic (A) | Static (A) | Powerup (A) | Budget (A)  | Margin (A) |
+-----------+-------------+-----------+-------------+------------+-------------+-------------+------------+
| Vccint    |       1.000 |    51.118 |      50.800 |      0.317 |       NA    | Unspecified | NA         |
| Vccaux    |       1.800 |     0.108 |       0.008 |      0.100 |       NA    | Unspecified | NA         |
| Vcco33    |       3.300 |     0.063 |       0.062 |      0.001 |       NA    | Unspecified | NA         |
| Vcco25    |       2.500 |     0.000 |       0.000 |      0.000 |       NA    | Unspecified | NA         |
| Vcco18    |       1.800 |     0.000 |       0.000 |      0.000 |       NA    | Unspecified | NA         |
| Vcco15    |       1.500 |     0.000 |       0.000 |      0.000 |       NA    | Unspecified | NA         |
| Vcco135   |       1.350 |     0.000 |       0.000 |      0.000 |       NA    | Unspecified | NA         |
| Vcco12    |       1.200 |     0.000 |       0.000 |      0.000 |       NA    | Unspecified | NA         |
| Vccaux_io |       1.800 |     0.000 |       0.000 |      0.000 |       NA    | Unspecified | NA         |
| Vccbram   |       1.000 |     0.378 |       0.315 |      0.063 |       NA    | Unspecified | NA         |
| MGTAVcc   |       1.000 |     0.000 |       0.000 |      0.000 |       NA    | Unspecified | NA         |
| MGTAVtt   |       1.200 |     0.000 |       0.000 |      0.000 |       NA    | Unspecified | NA         |
| MGTVccaux |       1.800 |     0.000 |       0.000 |      0.000 |       NA    | Unspecified | NA         |
| Vccpint   |       1.000 |     0.473 |       0.000 |      0.473 |       NA    | Unspecified | NA         |
| Vccpaux   |       1.800 |     0.010 |       0.000 |      0.010 |       NA    | Unspecified | NA         |
| Vccpll    |       1.800 |     0.003 |       0.000 |      0.003 |       NA    | Unspecified | NA         |
| Vcco_ddr  |       1.500 |     0.000 |       0.000 |      0.000 |       NA    | Unspecified | NA         |
| Vcco_mio0 |       1.800 |     0.000 |       0.000 |      0.000 |       NA    | Unspecified | NA         |
| Vcco_mio1 |       1.800 |     0.000 |       0.000 |      0.000 |       NA    | Unspecified | NA         |
| Vccadc    |       1.800 |     0.020 |       0.000 |      0.020 |       NA    | Unspecified | NA         |
+-----------+-------------+-----------+-------------+------------+-------------+-------------+------------+


1.3 Confidence Level
--------------------

+-----------------------------+------------+--------------------------------------------------------+--------------------------------------------------------------------------------------------------------------------+
| User Input Data             | Confidence | Details                                                | Action                                                                                                             |
+-----------------------------+------------+--------------------------------------------------------+--------------------------------------------------------------------------------------------------------------------+
| Design implementation state | High       | Design is routed                                       |                                                                                                                    |
| Clock nodes activity        | Low        | User specified less than 75% of clocks                 | Provide missing clock activity with a constraint file, simulation results or by editing the "By Clock Domain" view |
| I/O nodes activity          | Low        | More than 75% of inputs are missing user specification | Provide missing input activity with simulation results or by editing the "By Resource Type -> I/Os" view           |
| Internal nodes activity     | Medium     | User specified less than 25% of internal nodes         | Provide missing internal nodes activity with simulation results or by editing the "By Resource Type" views         |
| Device models               | High       | Device models are Production                           |                                                                                                                    |
|                             |            |                                                        |                                                                                                                    |
| Overall confidence level    | Low        |                                                        |                                                                                                                    |
+-----------------------------+------------+--------------------------------------------------------+--------------------------------------------------------------------------------------------------------------------+


2. Settings
-----------

2.1 Environment
---------------

+-----------------------+------------------------+
| Ambient Temp (C)      | 25.0                   |
| ThetaJA (C/W)         | 11.5                   |
| Airflow (LFM)         | 250                    |
| Heat Sink             | none                   |
| ThetaSA (C/W)         | 0.0                    |
| Board Selection       | medium (10"x10")       |
| # of Board Layers     | 8to11 (8 to 11 Layers) |
| Board Temperature (C) | 25.0                   |
+-----------------------+------------------------+


2.2 Clock Constraints
---------------------

+-------+--------+-----------------+
| Clock | Domain | Constraint (ns) |
+-------+--------+-----------------+


3. Detailed Reports
-------------------

3.1 By Hierarchy
----------------

+---------------------------------------------+-----------+
| Name                                        | Power (W) |
+---------------------------------------------+-----------+
| CortexM0_SoC                                |    51.334 |
|   AHB_BusMatrix_3x6_L1_inst                 |     3.676 |
|     u_AHB_Input_L1_0                        |     1.085 |
|     u_AHB_Input_L1_1                        |     0.235 |
|     u_ahb_decoder_l1s0                      |     0.478 |
|       u_AHB_BusMatrix_3x6_L1_default_slave  |     0.035 |
|     u_ahb_decoder_l1s1                      |     0.212 |
|       u_AHB_BusMatrix_3x6_L1_default_slave  |     0.028 |
|     u_ahb_output_l1_0                       |     0.286 |
|       u_output_arb                          |     0.083 |
|     u_ahb_output_l1_1                       |     0.171 |
|       u_output_arb                          |     0.016 |
|     u_ahb_output_l1_2                       |     0.144 |
|       u_output_arb                          |     0.010 |
|     u_ahb_output_l1_3                       |     0.175 |
|       u_output_arb                          |     0.020 |
|     u_ahb_output_l1_4                       |     0.600 |
|       u_output_arb                          |     0.084 |
|     u_ahb_output_l1_5                       |     0.289 |
|       u_output_arb                          |     0.019 |
|   AHB_CNN                                   |     0.004 |
|     u_ahb_eg_slave_reg                      |     0.002 |
|   AHB_DMAC                                  |     1.308 |
|   AHB_DMAC_Config_0                         |     0.002 |
|   AHB_GPIO                                  |     0.049 |
|     u_ahb_to_gpio                           |     0.016 |
|     u_iop_gpio                              |     0.033 |
|   APB_Subsystem                             |     2.655 |
|     gen_apb_dualtimers_2.u_apb_dualtimers_2 |     1.034 |
|       u_apb_timer_frc_1                     |     0.507 |
|       u_apb_timer_frc_2                     |     0.526 |
|     gen_apb_timer_0.u_apb_timer_0           |     0.375 |
|     gen_apb_timer_1.u_apb_timer_1           |     0.420 |
|     gen_apb_uart_0.u_apb_uart_0             |     0.230 |
|     gen_apb_uart_1.u_apb_uart_1             |     0.208 |
|     gen_apb_watchdog.u_apb_watchdog         |     0.342 |
|       u_apb_watchdog_frc                    |     0.332 |
|     u_ahb_to_apb                            |     0.046 |
|   FLASH                                     |     2.526 |
|     u_ahb_to_sram                           |     0.320 |
|     u_fpga_sram                             |     2.206 |
|   SRAM                                      |     2.255 |
|     u_ahb_to_sram                           |     0.217 |
|     u_fpga_sram                             |     2.038 |
|   SWDIO_IOBUF_inst                          |     0.070 |
|   u_logic                                   |    38.369 |
+---------------------------------------------+-----------+


