#-----------------------------------------------------------
# Vivado v2025.1 (64-bit)
# SW Build 6140274 on Thu May 22 00:12:29 MDT 2025
# IP Build 6138677 on Thu May 22 03:10:11 MDT 2025
# SharedData Build 6139179 on Tue May 20 17:58:58 MDT 2025
# Start of session at: Fri Jul 11 14:59:32 2025
# Process ID         : 22208
# Current directory  : E:/APPS/cnn_ram/Vivado/CM0_Proj
# Command line       : vivado.exe -gui_launcher_event rodinguilauncherevent23040 E:\APPS\cnn_ram\Vivado\CM0_Proj\CM0_Proj.xpr
# Log file           : E:/APPS/cnn_ram/Vivado/CM0_Proj/vivado.log
# Journal file       : E:/APPS/cnn_ram/Vivado/CM0_Proj\vivado.jou
# Running On         : Legion
# Platform           : Windows Server 2016 or Windows 10
# Operating System   : 22631
# Processor Detail   : 13th Gen Intel(R) Core(TM) i5-13500H
# CPU Frequency      : 3187 MHz
# CPU Physical cores : 12
# CPU Logical cores  : 16
# Host memory        : 16890 MB
# Swap memory        : 16106 MB
# Total Virtual      : 32996 MB
# Available Virtual  : 15537 MB
#-----------------------------------------------------------
start_gui
WARNING: [Board 49-26] cannot add Board Part xilinx.com:zcu208ld:part0:2.0 available at E:/APPS/2025.1/data/xhub/boards\XilinxBoardStore\boards\Xilinx\zcu208ld\production\2.0\board.xml as part xczu58dr-fsvg1517-2-i specified in board_part file is either invalid or not available
WARNING: [Board 49-26] cannot add Board Part xilinx.com:zcu216ld:part0:2.0 available at E:/APPS/2025.1/data/xhub/boards\XilinxBoardStore\boards\Xilinx\zcu216ld\production\2.0\board.xml as part xczu59dr-ffvf1760-2-i specified in board_part file is either invalid or not available
WARNING: [Board 49-26] cannot add Board Part xilinx.com:zcu670ld:part0:1.0 available at E:/APPS/2025.1/data/xhub/boards\XilinxBoardStore\boards\Xilinx\zcu670ld\1.0\board.xml as part xczu57dr-fsve1156-2-i specified in board_part file is either invalid or not available
exit
INFO: [Common 17-206] Exiting Vivado at Fri Jul 11 15:00:09 2025...
